(node:399614) UnhandledPromiseRejectionWarning: TypeError: Cannot read property '_id' of null
    at new UserDTO (/home/crearjnw/isaac.creativesolutionusa.com/dto/user.js:3:25)
    at refresh (/home/crearjnw/isaac.creativesolutionusa.com/controller/authController.js:253:21)
    at runMicrotasks (<anonymous>)
    at processTicksAndRejections (internal/process/task_queues.js:95:5)
(Use `node --trace-warnings ...` to show where the warning was created)
(node:399614) UnhandledPromiseRejectionWarning: Unhandled promise rejection. This error originated either by throwing inside of an async function without a catch block, or by rejecting a promise which was not handled with .catch(). To terminate the node process on unhandled promise rejection, use the CLI flag `--unhandled-rejections=strict` (see https://nodejs.org/api/cli.html#cli_unhandled_rejections_mode). (rejection id: 1)
(node:399614) [DEP0018] DeprecationWarning: Unhandled promise rejections are deprecated. In the future, promise rejections that are not handled will terminate the Node.js process with a non-zero exit code.
(node:399614) UnhandledPromiseRejectionWarning: TypeError: Cannot read property '_id' of null
    at new UserDTO (/home/crearjnw/isaac.creativesolutionusa.com/dto/user.js:3:25)
    at refresh (/home/crearjnw/isaac.creativesolutionusa.com/controller/authController.js:253:21)
    at runMicrotasks (<anonymous>)
    at processTicksAndRejections (internal/process/task_queues.js:95:5)
(node:399614) UnhandledPromiseRejectionWarning: Unhandled promise rejection. This error originated either by throwing inside of an async function without a catch block, or by rejecting a promise which was not handled with .catch(). To terminate the node process on unhandled promise rejection, use the CLI flag `--unhandled-rejections=strict` (see https://nodejs.org/api/cli.html#cli_unhandled_rejections_mode). (rejection id: 2)
(node:399614) UnhandledPromiseRejectionWarning: TypeError: Cannot read property '_id' of null
    at new UserDTO (/home/crearjnw/isaac.creativesolutionusa.com/dto/user.js:3:25)
    at refresh (/home/crearjnw/isaac.creativesolutionusa.com/controller/authController.js:253:21)
    at runMicrotasks (<anonymous>)
    at processTicksAndRejections (internal/process/task_queues.js:95:5)
(node:399614) UnhandledPromiseRejectionWarning: Unhandled promise rejection. This error originated either by throwing inside of an async function without a catch block, or by rejecting a promise which was not handled with .catch(). To terminate the node process on unhandled promise rejection, use the CLI flag `--unhandled-rejections=strict` (see https://nodejs.org/api/cli.html#cli_unhandled_rejections_mode). (rejection id: 3)
(node:399614) UnhandledPromiseRejectionWarning: TypeError: Cannot read property '_id' of null
    at new UserDTO (/home/crearjnw/isaac.creativesolutionusa.com/dto/user.js:3:25)
    at refresh (/home/crearjnw/isaac.creativesolutionusa.com/controller/authController.js:253:21)
    at runMicrotasks (<anonymous>)
    at processTicksAndRejections (internal/process/task_queues.js:95:5)
(node:399614) UnhandledPromiseRejectionWarning: Unhandled promise rejection. This error originated either by throwing inside of an async function without a catch block, or by rejecting a promise which was not handled with .catch(). To terminate the node process on unhandled promise rejection, use the CLI flag `--unhandled-rejections=strict` (see https://nodejs.org/api/cli.html#cli_unhandled_rejections_mode). (rejection id: 4)
(node:399614) UnhandledPromiseRejectionWarning: TypeError: Cannot read property '_id' of null
    at new UserDTO (/home/crearjnw/isaac.creativesolutionusa.com/dto/user.js:3:25)
    at refresh (/home/crearjnw/isaac.creativesolutionusa.com/controller/authController.js:253:21)
    at runMicrotasks (<anonymous>)
    at processTicksAndRejections (internal/process/task_queues.js:95:5)
(node:399614) UnhandledPromiseRejectionWarning: Unhandled promise rejection. This error originated either by throwing inside of an async function without a catch block, or by rejecting a promise which was not handled with .catch(). To terminate the node process on unhandled promise rejection, use the CLI flag `--unhandled-rejections=strict` (see https://nodejs.org/api/cli.html#cli_unhandled_rejections_mode). (rejection id: 5)
(node:399614) UnhandledPromiseRejectionWarning: TypeError: Cannot read property '_id' of null
    at new UserDTO (/home/crearjnw/isaac.creativesolutionusa.com/dto/user.js:3:25)
    at refresh (/home/crearjnw/isaac.creativesolutionusa.com/controller/authController.js:253:21)
    at runMicrotasks (<anonymous>)
    at processTicksAndRejections (internal/process/task_queues.js:95:5)
(node:399614) UnhandledPromiseRejectionWarning: Unhandled promise rejection. This error originated either by throwing inside of an async function without a catch block, or by rejecting a promise which was not handled with .catch(). To terminate the node process on unhandled promise rejection, use the CLI flag `--unhandled-rejections=strict` (see https://nodejs.org/api/cli.html#cli_unhandled_rejections_mode). (rejection id: 6)
(node:399614) UnhandledPromiseRejectionWarning: TypeError: Cannot read property '_id' of null
    at new UserDTO (/home/crearjnw/isaac.creativesolutionusa.com/dto/user.js:3:25)
    at refresh (/home/crearjnw/isaac.creativesolutionusa.com/controller/authController.js:253:21)
    at runMicrotasks (<anonymous>)
    at processTicksAndRejections (internal/process/task_queues.js:95:5)
(node:399614) UnhandledPromiseRejectionWarning: Unhandled promise rejection. This error originated either by throwing inside of an async function without a catch block, or by rejecting a promise which was not handled with .catch(). To terminate the node process on unhandled promise rejection, use the CLI flag `--unhandled-rejections=strict` (see https://nodejs.org/api/cli.html#cli_unhandled_rejections_mode). (rejection id: 7)
(node:399614) UnhandledPromiseRejectionWarning: TypeError: Cannot read property '_id' of null
    at new UserDTO (/home/crearjnw/isaac.creativesolutionusa.com/dto/user.js:3:25)
    at refresh (/home/crearjnw/isaac.creativesolutionusa.com/controller/authController.js:253:21)
    at runMicrotasks (<anonymous>)
    at processTicksAndRejections (internal/process/task_queues.js:95:5)
(node:399614) UnhandledPromiseRejectionWarning: Unhandled promise rejection. This error originated either by throwing inside of an async function without a catch block, or by rejecting a promise which was not handled with .catch(). To terminate the node process on unhandled promise rejection, use the CLI flag `--unhandled-rejections=strict` (see https://nodejs.org/api/cli.html#cli_unhandled_rejections_mode). (rejection id: 8)
(node:399614) UnhandledPromiseRejectionWarning: TypeError: Cannot read property '_id' of null
    at new UserDTO (/home/crearjnw/isaac.creativesolutionusa.com/dto/user.js:3:25)
    at refresh (/home/crearjnw/isaac.creativesolutionusa.com/controller/authController.js:253:21)
    at runMicrotasks (<anonymous>)
    at processTicksAndRejections (internal/process/task_queues.js:95:5)
(node:399614) UnhandledPromiseRejectionWarning: Unhandled promise rejection. This error originated either by throwing inside of an async function without a catch block, or by rejecting a promise which was not handled with .catch(). To terminate the node process on unhandled promise rejection, use the CLI flag `--unhandled-rejections=strict` (see https://nodejs.org/api/cli.html#cli_unhandled_rejections_mode). (rejection id: 9)
